TN:
SF:src/app.ts
FN:16,(anonymous_1)
FNF:1
FNH:1
FNDA:7,(anonymous_1)
DA:1,3
DA:2,3
DA:3,3
DA:4,3
DA:5,3
DA:6,3
DA:7,3
DA:9,3
DA:10,3
DA:11,3
DA:12,3
DA:13,3
DA:14,3
DA:16,3
DA:17,7
DA:18,7
DA:19,7
DA:30,7
DA:34,7
DA:37,7
DA:40,7
DA:43,7
DA:45,7
DA:47,7
DA:49,7
DA:50,7
DA:51,7
DA:52,7
DA:54,7
DA:55,7
DA:59,3
LF:31
LH:31
BRF:0
BRH:0
end_of_record
TN:
SF:src/models/post.model.ts
FNF:0
FNH:0
DA:1,1
DA:2,1
DA:18,1
DA:29,1
DA:31,1
DA:33,1
LF:6
LH:6
BRF:0
BRH:0
end_of_record
TN:
SF:src/models/user.model.ts
FNF:0
FNH:0
DA:1,3
DA:15,3
DA:24,3
DA:25,3
DA:26,3
DA:28,3
DA:30,3
LF:7
LH:7
BRF:0
BRH:0
end_of_record
TN:
SF:src/object/user.ts
FN:4,(anonymous_0)
FNF:1
FNH:1
FNDA:13,(anonymous_0)
DA:1,4
DA:2,4
DA:4,4
DA:5,13
DA:6,13
LF:5
LH:5
BRF:0
BRH:0
end_of_record
TN:
SF:src/routers/auth.routes.ts
FN:10,(anonymous_1)
FN:15,(anonymous_2)
FN:19,(anonymous_3)
FNF:3
FNH:3
FNDA:1,(anonymous_1)
FNDA:6,(anonymous_2)
FNDA:1,(anonymous_3)
DA:1,3
DA:3,3
DA:5,3
DA:10,3
DA:11,1
DA:12,1
DA:15,3
DA:16,6
DA:19,3
DA:20,1
DA:21,1
DA:22,1
DA:24,0
DA:28,3
LF:14
LH:13
BRF:0
BRH:0
end_of_record
TN:
SF:src/routers/helloworld.routes.ts
FN:4,(anonymous_1)
FNF:1
FNH:1
FNDA:1,(anonymous_1)
DA:1,3
DA:2,3
DA:4,3
DA:5,1
DA:8,3
LF:5
LH:5
BRF:0
BRH:0
end_of_record
TN:
SF:src/routers/post.routes.ts
FN:7,(anonymous_1)
FN:11,(anonymous_2)
FN:15,(anonymous_3)
FN:19,(anonymous_4)
FN:23,(anonymous_5)
FNF:5
FNH:0
FNDA:0,(anonymous_1)
FNDA:0,(anonymous_2)
FNDA:0,(anonymous_3)
FNDA:0,(anonymous_4)
FNDA:0,(anonymous_5)
DA:2,3
DA:3,3
DA:7,3
DA:8,0
DA:11,3
DA:12,0
DA:15,3
DA:16,0
DA:19,3
DA:20,0
DA:23,3
DA:27,3
LF:12
LH:8
BRF:0
BRH:0
end_of_record
TN:
SF:src/routers/user.routes.ts
FN:7,(anonymous_1)
FN:22,(anonymous_2)
FN:27,(anonymous_3)
FNF:3
FNH:3
FNDA:7,(anonymous_1)
FNDA:5,(anonymous_2)
FNDA:5,(anonymous_3)
DA:2,3
DA:3,3
DA:4,3
DA:5,3
DA:7,3
DA:8,7
DA:9,7
DA:10,7
DA:23,5
DA:24,5
DA:25,5
DA:28,5
DA:29,5
DA:30,1
DA:32,4
DA:35,4
DA:40,7
LF:17
LH:17
BRDA:29,0,0,1
BRDA:29,0,1,4
BRF:2
BRH:2
end_of_record
TN:
SF:src/services/auth.service.ts
FN:8,(anonymous_1)
FN:13,(anonymous_2)
FN:30,(anonymous_3)
FN:36,(anonymous_4)
FN:42,(anonymous_5)
FN:48,(anonymous_6)
FN:53,(anonymous_7)
FNF:7
FNH:5
FNDA:0,(anonymous_1)
FNDA:1,(anonymous_2)
FNDA:7,(anonymous_3)
FNDA:0,(anonymous_4)
FNDA:6,(anonymous_5)
FNDA:6,(anonymous_6)
FNDA:1,(anonymous_7)
DA:1,4
DA:2,4
DA:3,4
DA:4,4
DA:8,4
DA:9,0
DA:10,0
DA:13,4
DA:14,1
DA:15,1
DA:16,1
DA:18,1
DA:19,1
DA:25,1
DA:30,4
DA:31,7
DA:32,7
DA:33,7
DA:36,4
DA:37,0
DA:38,0
DA:39,0
DA:42,4
DA:43,6
DA:44,6
DA:45,6
DA:48,4
DA:49,6
DA:50,6
DA:53,4
DA:54,1
DA:55,1
DA:56,1
DA:57,1
DA:60,4
DA:70,4
LF:36
LH:31
BRF:0
BRH:0
end_of_record
TN:
SF:src/services/user.service.ts
FN:7,(anonymous_1)
FN:11,(anonymous_2)
FN:19,(anonymous_3)
FN:24,(anonymous_4)
FN:29,(anonymous_5)
FNF:5
FNH:2
FNDA:0,(anonymous_1)
FNDA:0,(anonymous_2)
FNDA:2,(anonymous_3)
FNDA:0,(anonymous_4)
FNDA:1,(anonymous_5)
DA:1,1
DA:7,1
DA:11,1
DA:12,0
DA:19,1
DA:20,2
DA:21,2
DA:24,1
DA:25,0
DA:26,0
DA:29,1
DA:30,1
DA:34,1
DA:41,1
LF:14
LH:11
BRF:0
BRH:0
end_of_record
TN:
SF:src/utils/i18n.ts
FN:5,(anonymous_1)
FNF:1
FNH:1
FNDA:13,(anonymous_1)
DA:1,4
DA:2,4
DA:4,4
DA:5,4
DA:6,13
DA:7,4
DA:18,4
DA:19,4
LF:8
LH:8
BRDA:6,0,0,9
BRF:1
BRH:1
end_of_record
TN:
SF:src/utils/mongo.ts
FN:17,(anonymous_1)
FN:22,(anonymous_2)
FN:28,(anonymous_3)
FN:34,(anonymous_4)
FN:41,(anonymous_5)
FN:47,(anonymous_6)
FN:57,(anonymous_7)
FNF:7
FNH:7
FNDA:14,(anonymous_1)
FNDA:12,(anonymous_2)
FNDA:12,(anonymous_3)
FNDA:23,(anonymous_4)
FNDA:64,(anonymous_5)
FNDA:13,(anonymous_6)
FNDA:14,(anonymous_7)
DA:1,4
DA:2,4
DA:4,4
DA:6,4
DA:7,4
DA:9,0
DA:18,14
DA:19,14
DA:23,12
DA:26,12
DA:29,12
DA:30,11
DA:31,11
DA:35,23
DA:36,22
DA:42,64
DA:43,58
DA:44,6
DA:48,13
DA:49,12
DA:52,4
DA:53,4
DA:55,4
DA:57,4
DA:58,14
DA:59,0
DA:61,14
DA:62,0
DA:64,14
DA:67,4
LF:30
LH:27
BRDA:7,0,0,0
BRDA:29,1,0,1
BRDA:35,2,0,1
BRDA:42,3,0,58
BRDA:42,3,1,6
BRDA:42,4,0,64
BRDA:42,4,1,58
BRDA:43,5,0,58
BRDA:43,5,1,1
BRDA:48,6,0,1
BRDA:58,7,0,0
BRDA:61,8,0,0
BRF:12
BRH:9
end_of_record
TN:
SF:src/utils/response.ts
FN:2,(anonymous_0)
FN:8,(anonymous_1)
FNF:2
FNH:2
FNDA:1,(anonymous_0)
FNDA:4,(anonymous_1)
DA:1,3
DA:3,1
DA:9,4
LF:3
LH:3
BRF:0
BRH:0
end_of_record
TN:
SF:tests/utils/testUtils.ts
FN:3,(anonymous_1)
FNF:1
FNH:1
FNDA:14,(anonymous_1)
DA:1,4
DA:3,4
DA:4,14
DA:5,14
DA:6,14
LF:5
LH:5
BRF:0
BRH:0
end_of_record
TN:
SF:tests/utils/treeUtils.ts
FN:1,(anonymous_0)
FN:4,(anonymous_1)
FN:7,(anonymous_2)
FN:8,(anonymous_3)
FNF:4
FNH:4
FNDA:1,(anonymous_0)
FNDA:3,(anonymous_1)
FNDA:3,(anonymous_2)
FNDA:2,(anonymous_3)
DA:1,1
DA:2,1
DA:4,1
DA:5,3
DA:7,1
DA:8,3
DA:9,3
DA:11,1
DA:15,1
LF:9
LH:9
BRF:0
BRH:0
end_of_record
TN:
SF:tests/utils/userUtils.ts
FN:4,(anonymous_0)
FN:8,(anonymous_1)
FNF:2
FNH:2
FNDA:2,(anonymous_0)
FNDA:6,(anonymous_1)
DA:1,2
DA:9,6
DA:17,2
DA:20,2
LF:4
LH:4
BRF:0
BRH:0
end_of_record
